This is pdfTeX, Version 3.1415926-2.5-1.40.14 (TeX Live 2013) (format=pdflatex 2013.5.30)  12 JUL 2017 23:05
entering extended mode
 restricted \write18 enabled.
 %&-line parsing enabled.
**report.tex
(./report.tex
LaTeX2e <2011/06/27>
Babel <3.9f> and hyphenation patterns for 78 languages loaded.
(/usr/local/texlive/2013/texmf-dist/tex/latex/base/article.cls
Document Class: article 2007/10/19 v1.4h Standard LaTeX document class
(/usr/local/texlive/2013/texmf-dist/tex/latex/base/size12.clo
File: size12.clo 2007/10/19 v1.4h Standard LaTeX file (size option)
)
\c@part=\count79
\c@section=\count80
\c@subsection=\count81
\c@subsubsection=\count82
\c@paragraph=\count83
\c@subparagraph=\count84
\c@figure=\count85
\c@table=\count86
\abovecaptionskip=\skip41
\belowcaptionskip=\skip42
\bibindent=\dimen102
)
(/usr/local/texlive/2013/texmf-dist/tex/latex/sectsty/sectsty.sty
Package: sectsty 2002/02/25 v2.0.2 Commands to change all sectional heading sty
les
)
(/usr/local/texlive/2013/texmf-dist/tex/latex/amsfonts/amsfonts.sty
Package: amsfonts 2013/01/14 v3.01 Basic AMSFonts support
\@emptytoks=\toks14
\symAMSa=\mathgroup4
\symAMSb=\mathgroup5
LaTeX Font Info:    Overwriting math alphabet `\mathfrak' in version `bold'
(Font)                  U/euf/m/n --> U/euf/b/n on input line 106.
)
(/usr/local/texlive/2013/texmf-dist/tex/latex/graphics/graphicx.sty
Package: graphicx 1999/02/16 v1.0f Enhanced LaTeX Graphics (DPC,SPQR)

(/usr/local/texlive/2013/texmf-dist/tex/latex/graphics/keyval.sty
Package: keyval 1999/03/16 v1.13 key=value parser (DPC)
\KV@toks@=\toks15
)
(/usr/local/texlive/2013/texmf-dist/tex/latex/graphics/graphics.sty
Package: graphics 2009/02/05 v1.0o Standard LaTeX Graphics (DPC,SPQR)

(/usr/local/texlive/2013/texmf-dist/tex/latex/graphics/trig.sty
Package: trig 1999/03/16 v1.09 sin cos tan (DPC)
)
(/usr/local/texlive/2013/texmf-dist/tex/latex/latexconfig/graphics.cfg
File: graphics.cfg 2010/04/23 v1.9 graphics configuration of TeX Live
)
Package graphics Info: Driver file: pdftex.def on input line 91.

(/usr/local/texlive/2013/texmf-dist/tex/latex/pdftex-def/pdftex.def
File: pdftex.def 2011/05/27 v0.06d Graphics/color for pdfTeX

(/usr/local/texlive/2013/texmf-dist/tex/generic/oberdiek/infwarerr.sty
Package: infwarerr 2010/04/08 v1.3 Providing info/warning/error messages (HO)
)
(/usr/local/texlive/2013/texmf-dist/tex/generic/oberdiek/ltxcmds.sty
Package: ltxcmds 2011/11/09 v1.22 LaTeX kernel commands for general use (HO)
)
\Gread@gobject=\count87
))
\Gin@req@height=\dimen103
\Gin@req@width=\dimen104
)
(/usr/local/texlive/2013/texmf-dist/tex/latex/amsfonts/amssymb.sty
Package: amssymb 2013/01/14 v3.01 AMS font symbols
)
(/usr/local/texlive/2013/texmf-dist/tex/latex/amsmath/amsmath.sty
Package: amsmath 2013/01/14 v2.14 AMS math features
\@mathmargin=\skip43

For additional information on amsmath, use the `?' option.
(/usr/local/texlive/2013/texmf-dist/tex/latex/amsmath/amstext.sty
Package: amstext 2000/06/29 v2.01

(/usr/local/texlive/2013/texmf-dist/tex/latex/amsmath/amsgen.sty
File: amsgen.sty 1999/11/30 v2.0
\@emptytoks=\toks16
\ex@=\dimen105
))
(/usr/local/texlive/2013/texmf-dist/tex/latex/amsmath/amsbsy.sty
Package: amsbsy 1999/11/29 v1.2d
\pmbraise@=\dimen106
)
(/usr/local/texlive/2013/texmf-dist/tex/latex/amsmath/amsopn.sty
Package: amsopn 1999/12/14 v2.01 operator names
)
\inf@bad=\count88
LaTeX Info: Redefining \frac on input line 210.
\uproot@=\count89
\leftroot@=\count90
LaTeX Info: Redefining \overline on input line 306.
\classnum@=\count91
\DOTSCASE@=\count92
LaTeX Info: Redefining \ldots on input line 378.
LaTeX Info: Redefining \dots on input line 381.
LaTeX Info: Redefining \cdots on input line 466.
\Mathstrutbox@=\box26
\strutbox@=\box27
\big@size=\dimen107
LaTeX Font Info:    Redeclaring font encoding OML on input line 566.
LaTeX Font Info:    Redeclaring font encoding OMS on input line 567.
\macc@depth=\count93
\c@MaxMatrixCols=\count94
\dotsspace@=\muskip10
\c@parentequation=\count95
\dspbrk@lvl=\count96
\tag@help=\toks17
\row@=\count97
\column@=\count98
\maxfields@=\count99
\andhelp@=\toks18
\eqnshift@=\dimen108
\alignsep@=\dimen109
\tagshift@=\dimen110
\tagwidth@=\dimen111
\totwidth@=\dimen112
\lineht@=\dimen113
\@envbody=\toks19
\multlinegap=\skip44
\multlinetaggap=\skip45
\mathdisplay@stack=\toks20
LaTeX Info: Redefining \[ on input line 2665.
LaTeX Info: Redefining \] on input line 2666.
)
(/usr/local/texlive/2013/texmf-dist/tex/latex/enumitem/enumitem.sty
Package: enumitem 2011/09/28 v3.5.2 Customized lists
\labelindent=\skip46
\enit@outerparindent=\dimen114
\enit@toks=\toks21
\enit@inbox=\box28
\enitdp@description=\count100
)
(./report.aux)
\openout1 = `report.aux'.

LaTeX Font Info:    Checking defaults for OML/cmm/m/it on input line 12.
LaTeX Font Info:    ... okay on input line 12.
LaTeX Font Info:    Checking defaults for T1/cmr/m/n on input line 12.
LaTeX Font Info:    ... okay on input line 12.
LaTeX Font Info:    Checking defaults for OT1/cmr/m/n on input line 12.
LaTeX Font Info:    ... okay on input line 12.
LaTeX Font Info:    Checking defaults for OMS/cmsy/m/n on input line 12.
LaTeX Font Info:    ... okay on input line 12.
LaTeX Font Info:    Checking defaults for OMX/cmex/m/n on input line 12.
LaTeX Font Info:    ... okay on input line 12.
LaTeX Font Info:    Checking defaults for U/cmr/m/n on input line 12.
LaTeX Font Info:    ... okay on input line 12.

(/usr/local/texlive/2013/texmf-dist/tex/context/base/supp-pdf.mkii
[Loading MPS to PDF converter (version 2006.09.02).]
\scratchcounter=\count101
\scratchdimen=\dimen115
\scratchbox=\box29
\nofMPsegments=\count102
\nofMParguments=\count103
\everyMPshowfont=\toks22
\MPscratchCnt=\count104
\MPscratchDim=\dimen116
\MPnumerator=\count105
\makeMPintoPDFobject=\count106
\everyMPtoPDFconversion=\toks23
) (/usr/local/texlive/2013/texmf-dist/tex/generic/oberdiek/pdftexcmds.sty
Package: pdftexcmds 2011/11/29 v0.20 Utility functions of pdfTeX for LuaTeX (HO
)

(/usr/local/texlive/2013/texmf-dist/tex/generic/oberdiek/ifluatex.sty
Package: ifluatex 2010/03/01 v1.3 Provides the ifluatex switch (HO)
Package ifluatex Info: LuaTeX not detected.
)
(/usr/local/texlive/2013/texmf-dist/tex/generic/oberdiek/ifpdf.sty
Package: ifpdf 2011/01/30 v2.3 Provides the ifpdf switch (HO)
Package ifpdf Info: pdfTeX in PDF mode is detected.
)
Package pdftexcmds Info: LuaTeX not detected.
Package pdftexcmds Info: \pdf@primitive is available.
Package pdftexcmds Info: \pdf@ifprimitive is available.
Package pdftexcmds Info: \pdfdraftmode found.
)
(/usr/local/texlive/2013/texmf-dist/tex/latex/oberdiek/epstopdf-base.sty
Package: epstopdf-base 2010/02/09 v2.5 Base part for package epstopdf

(/usr/local/texlive/2013/texmf-dist/tex/latex/oberdiek/grfext.sty
Package: grfext 2010/08/19 v1.1 Manage graphics extensions (HO)

(/usr/local/texlive/2013/texmf-dist/tex/generic/oberdiek/kvdefinekeys.sty
Package: kvdefinekeys 2011/04/07 v1.3 Define keys (HO)
))
(/usr/local/texlive/2013/texmf-dist/tex/latex/oberdiek/kvoptions.sty
Package: kvoptions 2011/06/30 v3.11 Key value format for package options (HO)

(/usr/local/texlive/2013/texmf-dist/tex/generic/oberdiek/kvsetkeys.sty
Package: kvsetkeys 2012/04/25 v1.16 Key value parser (HO)

(/usr/local/texlive/2013/texmf-dist/tex/generic/oberdiek/etexcmds.sty
Package: etexcmds 2011/02/16 v1.5 Avoid name clashes with e-TeX commands (HO)
Package etexcmds Info: Could not find \expanded.
(etexcmds)             That can mean that you are not using pdfTeX 1.50 or
(etexcmds)             that some package has redefined \expanded.
(etexcmds)             In the latter case, load this package earlier.
)))
Package grfext Info: Graphics extension search list:
(grfext)             [.png,.pdf,.jpg,.mps,.jpeg,.jbig2,.jb2,.PNG,.PDF,.JPG,.JPE
G,.JBIG2,.JB2,.eps]
(grfext)             \AppendGraphicsExtensions on input line 452.

(/usr/local/texlive/2013/texmf-dist/tex/latex/latexconfig/epstopdf-sys.cfg
File: epstopdf-sys.cfg 2010/07/13 v1.3 Configuration of (r)epstopdf for TeX Liv
e
))
LaTeX Font Info:    Try loading font information for U+msa on input line 13.

(/usr/local/texlive/2013/texmf-dist/tex/latex/amsfonts/umsa.fd
File: umsa.fd 2013/01/14 v3.01 AMS symbols A
)
LaTeX Font Info:    Try loading font information for U+msb on input line 13.

(/usr/local/texlive/2013/texmf-dist/tex/latex/amsfonts/umsb.fd
File: umsb.fd 2013/01/14 v3.01 AMS symbols B
) [1

{/usr/local/texlive/2013/texmf-var/fonts/map/pdftex/updmap/pdftex.map}] [2] [3]
Package epstopdf Info: Source file: <pic/missing-value.eps>
(epstopdf)                    date: 2017-06-03 22:58:47
(epstopdf)                    size: 59600 bytes
(epstopdf)             Output file: <pic/missing-value-eps-converted-to.pdf>
(epstopdf)                    date: 2017-06-03 23:02:17
(epstopdf)                    size: 22446 bytes
(epstopdf)             Command: <repstopdf --outfile=pic/missing-value-eps-conv
erted-to.pdf pic/missing-value.eps>
(epstopdf)             \includegraphics on input line 50.
Package epstopdf Info: Output file is already uptodate.

<pic/missing-value-eps-converted-to.pdf, id=20, 845.1575pt x 809.0225pt>
File: pic/missing-value-eps-converted-to.pdf Graphic file (type pdf)

<use pic/missing-value-eps-converted-to.pdf>
Package pdftex.def Info: pic/missing-value-eps-converted-to.pdf used on input l
ine 50.
(pdftex.def)             Requested size: 390.0pt x 373.32762pt.
Package epstopdf Info: Source file: <pic/num-sold-vs-month.eps>
(epstopdf)                    date: 2017-06-04 14:43:22
(epstopdf)                    size: 17468 bytes
(epstopdf)             Output file: <pic/num-sold-vs-month-eps-converted-to.pdf
>
(epstopdf)                    date: 2017-06-04 14:43:36
(epstopdf)                    size: 14324 bytes
(epstopdf)             Command: <repstopdf --outfile=pic/num-sold-vs-month-eps-
converted-to.pdf pic/num-sold-vs-month.eps>
(epstopdf)             \includegraphics on input line 60.
Package epstopdf Info: Output file is already uptodate.

<pic/num-sold-vs-month-eps-converted-to.pdf, id=21, 734.745pt x 263.98625pt>
File: pic/num-sold-vs-month-eps-converted-to.pdf Graphic file (type pdf)

<use pic/num-sold-vs-month-eps-converted-to.pdf>
Package pdftex.def Info: pic/num-sold-vs-month-eps-converted-to.pdf used on inp
ut line 60.
(pdftex.def)             Requested size: 390.0pt x 140.12552pt.
 [4 <./pic/missing-value-eps-converted-to.pdf>]
Package epstopdf Info: Source file: <pic/hist-error.eps>
(epstopdf)                    date: 2017-06-04 14:35:56
(epstopdf)                    size: 102616 bytes
(epstopdf)             Output file: <pic/hist-error-eps-converted-to.pdf>
(epstopdf)                    date: 2017-06-04 14:36:14
(epstopdf)                    size: 10555 bytes
(epstopdf)             Command: <repstopdf --outfile=pic/hist-error-eps-convert
ed-to.pdf pic/hist-error.eps>
(epstopdf)             \includegraphics on input line 67.
Package epstopdf Info: Output file is already uptodate.

<pic/hist-error-eps-converted-to.pdf, id=65, 734.745pt x 270.00874pt>
File: pic/hist-error-eps-converted-to.pdf Graphic file (type pdf)

<use pic/hist-error-eps-converted-to.pdf>
Package pdftex.def Info: pic/hist-error-eps-converted-to.pdf used on input line
 67.
(pdftex.def)             Requested size: 350.99762pt x 128.98883pt.
 [5 <./pic/num-sold-vs-month-eps-converted-to.pdf> <./pic/hist-error-eps-conver
ted-to.pdf>]
Package epstopdf Info: Source file: <pic/error-vs-month.eps>
(epstopdf)                    date: 2017-06-03 22:59:36
(epstopdf)                    size: 39956 bytes
(epstopdf)             Output file: <pic/error-vs-month-eps-converted-to.pdf>
(epstopdf)                    date: 2017-06-04 14:42:12
(epstopdf)                    size: 21574 bytes
(epstopdf)             Command: <repstopdf --outfile=pic/error-vs-month-eps-con
verted-to.pdf pic/error-vs-month.eps>
(epstopdf)             \includegraphics on input line 77.
Package epstopdf Info: Output file is already uptodate.

<pic/error-vs-month-eps-converted-to.pdf, id=117, 740.7675pt x 280.04625pt>
File: pic/error-vs-month-eps-converted-to.pdf Graphic file (type pdf)

<use pic/error-vs-month-eps-converted-to.pdf>
Package pdftex.def Info: pic/error-vs-month-eps-converted-to.pdf used on input 
line 77.
(pdftex.def)             Requested size: 390.0pt x 147.44096pt.
Package epstopdf Info: Source file: <pic/error-variation-different-month.eps>
(epstopdf)                    date: 2017-06-04 14:45:56
(epstopdf)                    size: 42073 bytes
(epstopdf)             Output file: <pic/error-variation-different-month-eps-co
nverted-to.pdf>
(epstopdf)                    date: 2017-06-04 14:46:15
(epstopdf)                    size: 20728 bytes
(epstopdf)             Command: <repstopdf --outfile=pic/error-variation-differ
ent-month-eps-converted-to.pdf pic/error-variation-different-month.eps>
(epstopdf)             \includegraphics on input line 85.
Package epstopdf Info: Output file is already uptodate.

<pic/error-variation-different-month-eps-converted-to.pdf, id=118, 730.73pt x 5
51.05875pt>
File: pic/error-variation-different-month-eps-converted-to.pdf Graphic file (ty
pe pdf)
 <use pic/error-variation-different-month-eps-converted-to.pdf>
Package pdftex.def Info: pic/error-variation-different-month-eps-converted-to.p
df used on input line 85.
(pdftex.def)             Requested size: 350.99762pt x 264.69017pt.
Package epstopdf Info: Source file: <pic/error-long-lat.eps>
(epstopdf)                    date: 2017-06-03 23:00:25
(epstopdf)                    size: 11356717 bytes
(epstopdf)             Output file: <pic/error-long-lat-eps-converted-to.pdf>
(epstopdf)                    date: 2017-06-04 15:44:07
(epstopdf)                    size: 13845789 bytes
(epstopdf)             Command: <repstopdf --outfile=pic/error-long-lat-eps-con
verted-to.pdf pic/error-long-lat.eps>
(epstopdf)             \includegraphics on input line 92.
Package epstopdf Info: Output file is already uptodate.

<pic/error-long-lat-eps-converted-to.pdf, id=119, 530.98375pt x 484.81125pt>
File: pic/error-long-lat-eps-converted-to.pdf Graphic file (type pdf)

<use pic/error-long-lat-eps-converted-to.pdf>
Package pdftex.def Info: pic/error-long-lat-eps-converted-to.pdf used on input 
line 92.
(pdftex.def)             Requested size: 312.00119pt x 284.87473pt.
Package epstopdf Info: Source file: <pic/total-error-yearbuilt.eps>
(epstopdf)                    date: 2017-06-04 15:43:20
(epstopdf)                    size: 36646 bytes
(epstopdf)             Output file: <pic/total-error-yearbuilt-eps-converted-to
.pdf>
(epstopdf)                    date: 2017-06-04 15:46:25
(epstopdf)                    size: 55334 bytes
(epstopdf)             Command: <repstopdf --outfile=pic/total-error-yearbuilt-
eps-converted-to.pdf pic/total-error-yearbuilt.eps>
(epstopdf)             \includegraphics on input line 99.
Package epstopdf Info: Output file is already uptodate.

<pic/total-error-yearbuilt-eps-converted-to.pdf, id=120, 738.76pt x 263.98625pt
>
File: pic/total-error-yearbuilt-eps-converted-to.pdf Graphic file (type pdf)
 <use pic/total-error-yearbuilt-eps-converted-to.pdf>
Package pdftex.def Info: pic/total-error-yearbuilt-eps-converted-to.pdf used on
 input line 99.
(pdftex.def)             Requested size: 331.50238pt x 118.45837pt.
Package epstopdf Info: Source file: <pic/diff-location-error-yearbuild.eps>
(epstopdf)                    date: 2017-06-03 23:00:46
(epstopdf)                    size: 69852 bytes
(epstopdf)             Output file: <pic/diff-location-error-yearbuild-eps-conv
erted-to.pdf>
(epstopdf)                    date: 2017-06-04 15:46:26
(epstopdf)                    size: 120059 bytes
(epstopdf)             Command: <repstopdf --outfile=pic/diff-location-error-ye
arbuild-eps-converted-to.pdf pic/diff-location-error-yearbuild.eps>
(epstopdf)             \includegraphics on input line 106.
Package epstopdf Info: Output file is already uptodate.

<pic/diff-location-error-yearbuild-eps-converted-to.pdf, id=121, 728.7225pt x 2
78.03876pt>
File: pic/diff-location-error-yearbuild-eps-converted-to.pdf Graphic file (type
 pdf)
 <use pic/diff-location-error-yearbuild-eps-converted-to.pdf>
Package pdftex.def Info: pic/diff-location-error-yearbuild-eps-converted-to.pdf
 used on input line 106.
(pdftex.def)             Requested size: 390.0pt x 148.79805pt.

[6 <./pic/error-vs-month-eps-converted-to.pdf>] [7 <./pic/error-variation-diffe
rent-month-eps-converted-to.pdf>] [8 <./pic/error-long-lat-eps-converted-to.pdf
> <./pic/total-error-yearbuilt-eps-converted-to.pdf>] [9 <./pic/diff-location-e
rror-yearbuild-eps-converted-to.pdf>]
Package epstopdf Info: Source file: <pic/corr-train-data.eps>
(epstopdf)                    date: 2017-06-06 10:23:29
(epstopdf)                    size: 374015 bytes
(epstopdf)             Output file: <pic/corr-train-data-eps-converted-to.pdf>
(epstopdf)                    date: 2017-06-06 10:56:10
(epstopdf)                    size: 42442 bytes
(epstopdf)             Command: <repstopdf --outfile=pic/corr-train-data-eps-co
nverted-to.pdf pic/corr-train-data.eps>
(epstopdf)             \includegraphics on input line 135.
Package epstopdf Info: Output file is already uptodate.

<pic/corr-train-data-eps-converted-to.pdf, id=330, 738.76pt x 665.48625pt>
File: pic/corr-train-data-eps-converted-to.pdf Graphic file (type pdf)

<use pic/corr-train-data-eps-converted-to.pdf>
Package pdftex.def Info: pic/corr-train-data-eps-converted-to.pdf used on input
 line 135.
(pdftex.def)             Requested size: 390.0pt x 351.31487pt.
Package epstopdf Info: Source file: <pic/corr-features-vs-error.eps>
(epstopdf)                    date: 2017-06-06 10:23:41
(epstopdf)                    size: 48307 bytes
(epstopdf)             Output file: <pic/corr-features-vs-error-eps-converted-t
o.pdf>
(epstopdf)                    date: 2017-06-06 10:56:12
(epstopdf)                    size: 21700 bytes
(epstopdf)             Command: <repstopdf --outfile=pic/corr-features-vs-error
-eps-converted-to.pdf pic/corr-features-vs-error.eps>
(epstopdf)             \includegraphics on input line 142.
Package epstopdf Info: Output file is already uptodate.

<pic/corr-features-vs-error-eps-converted-to.pdf, id=331, 732.7375pt x 593.2162
5pt>
File: pic/corr-features-vs-error-eps-converted-to.pdf Graphic file (type pdf)
 <use pic/corr-features-vs-error-eps-converted-to.pdf>
Package pdftex.def Info: pic/corr-features-vs-error-eps-converted-to.pdf used o
n input line 142.
(pdftex.def)             Requested size: 390.0pt x 315.74277pt.
LaTeX Font Info:    Try loading font information for OMS+cmr on input line 153.


(/usr/local/texlive/2013/texmf-dist/tex/latex/base/omscmr.fd
File: omscmr.fd 1999/05/25 v2.5h Standard LaTeX font definitions
)
LaTeX Font Info:    Font shape `OMS/cmr/m/n' in size <12> not available
(Font)              Font shape `OMS/cmsy/m/n' tried instead on input line 153.
 [10] [11 <./pic/corr-train-data-eps-converted-to.pdf>] [12 <./pic/corr-feature
s-vs-error-eps-converted-to.pdf>]
Overfull \hbox (68.90082pt too wide) in paragraph at lines 204--205
\OT1/cmr/m/n/12 pack-ages pro-vided on the re-lated github pages (https://githu
b.com/Microsoft/LightGBM).
 []

[13]
Package epstopdf Info: Source file: <pic/linear_regression_opt.eps>
(epstopdf)                    date: 2017-06-06 13:12:49
(epstopdf)                    size: 27086 bytes
(epstopdf)             Output file: <pic/linear_regression_opt-eps-converted-to
.pdf>
(epstopdf)                    date: 2017-06-06 13:13:39
(epstopdf)                    size: 22761 bytes
(epstopdf)             Command: <repstopdf --outfile=pic/linear_regression_opt-
eps-converted-to.pdf pic/linear_regression_opt.eps>
(epstopdf)             \includegraphics on input line 229.
Package epstopdf Info: Output file is already uptodate.

<pic/linear_regression_opt-eps-converted-to.pdf, id=426, 630.355pt x 263.98625p
t>
File: pic/linear_regression_opt-eps-converted-to.pdf Graphic file (type pdf)
 <use pic/linear_regression_opt-eps-converted-to.pdf>
Package pdftex.def Info: pic/linear_regression_opt-eps-converted-to.pdf used on
 input line 229.
(pdftex.def)             Requested size: 350.99762pt x 146.99344pt.
Package epstopdf Info: Source file: <pic/knn_opt.eps>
(epstopdf)                    date: 2017-06-06 13:13:12
(epstopdf)                    size: 26974 bytes
(epstopdf)             Output file: <pic/knn_opt-eps-converted-to.pdf>
(epstopdf)                    date: 2017-06-06 13:13:40
(epstopdf)                    size: 19584 bytes
(epstopdf)             Command: <repstopdf --outfile=pic/knn_opt-eps-converted-
to.pdf pic/knn_opt.eps>
(epstopdf)             \includegraphics on input line 236.
Package epstopdf Info: Output file is already uptodate.

<pic/knn_opt-eps-converted-to.pdf, id=427, 630.355pt x 265.99374pt>
File: pic/knn_opt-eps-converted-to.pdf Graphic file (type pdf)

<use pic/knn_opt-eps-converted-to.pdf>
Package pdftex.def Info: pic/knn_opt-eps-converted-to.pdf used on input line 23
6.
(pdftex.def)             Requested size: 350.99762pt x 148.11125pt.
Package epstopdf Info: Source file: <pic/decision_tree_opt.eps>
(epstopdf)                    date: 2017-06-06 13:12:59
(epstopdf)                    size: 24346 bytes
(epstopdf)             Output file: <pic/decision_tree_opt-eps-converted-to.pdf
>
(epstopdf)                    date: 2017-06-06 13:13:41
(epstopdf)                    size: 22201 bytes
(epstopdf)             Command: <repstopdf --outfile=pic/decision_tree_opt-eps-
converted-to.pdf pic/decision_tree_opt.eps>
(epstopdf)             \includegraphics on input line 243.
Package epstopdf Info: Output file is already uptodate.

<pic/decision_tree_opt-eps-converted-to.pdf, id=428, 630.355pt x 263.98625pt>
File: pic/decision_tree_opt-eps-converted-to.pdf Graphic file (type pdf)

<use pic/decision_tree_opt-eps-converted-to.pdf>
Package pdftex.def Info: pic/decision_tree_opt-eps-converted-to.pdf used on inp
ut line 243.
(pdftex.def)             Requested size: 350.99762pt x 146.99344pt.
Package epstopdf Info: Source file: <pic/random_forest_opt.eps>
(epstopdf)                    date: 2017-06-06 13:13:08
(epstopdf)                    size: 25207 bytes
(epstopdf)             Output file: <pic/random_forest_opt-eps-converted-to.pdf
>
(epstopdf)                    date: 2017-06-06 13:13:42
(epstopdf)                    size: 22313 bytes
(epstopdf)             Command: <repstopdf --outfile=pic/random_forest_opt-eps-
converted-to.pdf pic/random_forest_opt.eps>
(epstopdf)             \includegraphics on input line 250.
Package epstopdf Info: Output file is already uptodate.

<pic/random_forest_opt-eps-converted-to.pdf, id=429, 636.3775pt x 263.98625pt>
File: pic/random_forest_opt-eps-converted-to.pdf Graphic file (type pdf)

<use pic/random_forest_opt-eps-converted-to.pdf>
Package pdftex.def Info: pic/random_forest_opt-eps-converted-to.pdf used on inp
ut line 250.
(pdftex.def)             Requested size: 350.99762pt x 145.59972pt.
Package epstopdf Info: Source file: <pic/lightgbm_lr_opt.eps>
(epstopdf)                    date: 2017-06-06 14:46:46
(epstopdf)                    size: 26325 bytes
(epstopdf)             Output file: <pic/lightgbm_lr_opt-eps-converted-to.pdf>
(epstopdf)                    date: 2017-06-06 14:49:06
(epstopdf)                    size: 19226 bytes
(epstopdf)             Command: <repstopdf --outfile=pic/lightgbm_lr_opt-eps-co
nverted-to.pdf pic/lightgbm_lr_opt.eps>
(epstopdf)             \includegraphics on input line 257.
Package epstopdf Info: Output file is already uptodate.

<pic/lightgbm_lr_opt-eps-converted-to.pdf, id=430, 632.3625pt x 263.98625pt>
File: pic/lightgbm_lr_opt-eps-converted-to.pdf Graphic file (type pdf)

<use pic/lightgbm_lr_opt-eps-converted-to.pdf>
Package pdftex.def Info: pic/lightgbm_lr_opt-eps-converted-to.pdf used on input
 line 257.
(pdftex.def)             Requested size: 350.99762pt x 146.53021pt.
 [14 <./pic/linear_regression_opt-eps-converted-to.pdf>] [15 <./pic/knn_opt-eps
-converted-to.pdf> <./pic/decision_tree_opt-eps-converted-to.pdf>] [16 <./pic/r
andom_forest_opt-eps-converted-to.pdf> <./pic/lightgbm_lr_opt-eps-converted-to.
pdf>]
Package epstopdf Info: Source file: <pic/monthly-average-error-prediction.eps>
(epstopdf)                    date: 2017-06-06 16:52:44
(epstopdf)                    size: 26688 bytes
(epstopdf)             Output file: <pic/monthly-average-error-prediction-eps-c
onverted-to.pdf>
(epstopdf)                    date: 2017-06-06 16:57:15
(epstopdf)                    size: 24925 bytes
(epstopdf)             Command: <repstopdf --outfile=pic/monthly-average-error-
prediction-eps-converted-to.pdf pic/monthly-average-error-prediction.eps>
(epstopdf)             \includegraphics on input line 285.
Package epstopdf Info: Output file is already uptodate.

<pic/monthly-average-error-prediction-eps-converted-to.pdf, id=605, 404.51125pt
 x 263.98625pt>
File: pic/monthly-average-error-prediction-eps-converted-to.pdf Graphic file (t
ype pdf)

<use pic/monthly-average-error-prediction-eps-converted-to.pdf>
Package pdftex.def Info: pic/monthly-average-error-prediction-eps-converted-to.
pdf used on input line 285.
(pdftex.def)             Requested size: 350.99762pt x 229.06598pt.
Package epstopdf Info: Source file: <pic/feature_importance.eps>
(epstopdf)                    date: 2017-06-06 15:13:08
(epstopdf)                    size: 60882 bytes
(epstopdf)             Output file: <pic/feature_importance-eps-converted-to.pd
f>
(epstopdf)                    date: 2017-06-06 15:13:56
(epstopdf)                    size: 22139 bytes
(epstopdf)             Command: <repstopdf --outfile=pic/feature_importance-eps
-converted-to.pdf pic/feature_importance.eps>
(epstopdf)             \includegraphics on input line 293.
Package epstopdf Info: Output file is already uptodate.

<pic/feature_importance-eps-converted-to.pdf, id=606, 543.02875pt x 326.21875pt
>
File: pic/feature_importance-eps-converted-to.pdf Graphic file (type pdf)
 <use pic/feature_importance-eps-converted-to.pdf>
Package pdftex.def Info: pic/feature_importance-eps-converted-to.pdf used on in
put line 293.
(pdftex.def)             Requested size: 350.99762pt x 210.86493pt.
Package epstopdf Info: Source file: <pic/feature_importance_random_forest.eps>
(epstopdf)                    date: 2017-06-06 22:44:00
(epstopdf)                    size: 49300 bytes
(epstopdf)             Output file: <pic/feature_importance_random_forest-eps-c
onverted-to.pdf>
(epstopdf)                    date: 2017-06-06 22:45:48
(epstopdf)                    size: 21022 bytes
(epstopdf)             Command: <repstopdf --outfile=pic/feature_importance_ran
dom_forest-eps-converted-to.pdf pic/feature_importance_random_forest.eps>
(epstopdf)             \includegraphics on input line 300.
Package epstopdf Info: Output file is already uptodate.

<pic/feature_importance_random_forest-eps-converted-to.pdf, id=607, 732.7375pt 
x 593.21625pt>
File: pic/feature_importance_random_forest-eps-converted-to.pdf Graphic file (t
ype pdf)
 <use pic/feature_importance_random_forest-eps-converted-to.pdf>
Package pdftex.def Info: pic/feature_importance_random_forest-eps-converted-to.
pdf used on input line 300.
(pdftex.def)             Requested size: 350.99762pt x 284.1703pt.

[17 <./pic/monthly-average-error-prediction-eps-converted-to.pdf>] [18 <./pic/f
eature_importance-eps-converted-to.pdf>] [19 <./pic/feature_importance_random_f
orest-eps-converted-to.pdf>] [20]
Overfull \hbox (2.678pt too wide) in paragraph at lines 360--361
[]\OT1/cmr/m/n/12 Parameter tun-ing: The Light-GBM model has many pa-ram-e-ter 
to choose
 []

[21] (./report.aux) ) 
Here is how much of TeX's memory you used:
 2914 strings out of 493315
 42647 string characters out of 6137904
 102486 words of memory out of 5000000
 6298 multiletter control sequences out of 15000+600000
 13048 words of font info for 51 fonts, out of 8000000 for 9000
 957 hyphenation exceptions out of 8191
 38i,8n,24p,1147b,230s stack positions out of 5000i,500n,10000p,200000b,80000s
</usr/local/texlive/2013/texmf-dist/fonts/type1/public/ams
fonts/cm/cmbx12.pfb></usr/local/texlive/2013/texmf-dist/fonts/type1/public/amsf
onts/cm/cmex10.pfb></usr/local/texlive/2013/texmf-dist/fonts/type1/public/amsfo
nts/cm/cmmi10.pfb></usr/local/texlive/2013/texmf-dist/fonts/type1/public/amsfon
ts/cm/cmmi12.pfb></usr/local/texlive/2013/texmf-dist/fonts/type1/public/amsfont
s/cm/cmmi8.pfb></usr/local/texlive/2013/texmf-dist/fonts/type1/public/amsfonts/
cm/cmr10.pfb></usr/local/texlive/2013/texmf-dist/fonts/type1/public/amsfonts/cm
/cmr12.pfb></usr/local/texlive/2013/texmf-dist/fonts/type1/public/amsfonts/cm/c
mr17.pfb></usr/local/texlive/2013/texmf-dist/fonts/type1/public/amsfonts/cm/cmr
8.pfb></usr/local/texlive/2013/texmf-dist/fonts/type1/public/amsfonts/cm/cmsy10
.pfb>
Output written on report.pdf (21 pages, 14438104 bytes).
PDF statistics:
 772 PDF objects out of 1000 (max. 8388607)
 174 compressed objects within 2 object streams
 0 named destinations out of 1000 (max. 500000)
 91 words of extra memory for PDF output out of 10000 (max. 10000000)

